[2025-10-01 13:30:32,633: INFO: main: Welcome to my MLflow Turgut's and Baljinder's project]
[2025-10-01 13:32:47,712: INFO: main: Welcome to my MLflow Turgut's and Baljinder's project]
[2025-10-01 13:33:16,901: INFO: main: Welcome to my MLflow Turgut's and Baljinder's project]
[2025-10-01 19:14:55,517: INFO: common: yaml file: config/config.yaml loaded successfully]
[2025-10-01 19:14:55,520: INFO: common: yaml file: params.yaml loaded successfully]
[2025-10-01 19:14:55,520: INFO: common: created directory at: artifacts]
[2025-10-01 19:14:55,521: INFO: common: created directory at: artifacts/data_ingestion]
[2025-10-01 19:14:55,521: INFO: 3172177572: Downloading data from https://drive.google.com/file/d/1vlhZ5c7abUKF8xXERIw6m9Te8fW7ohw3/view?usp=sharing into file artifacts/data_ingestion/data.zip]
[2025-10-01 19:15:00,613: INFO: 3172177572: Downloaded data from https://drive.google.com/file/d/1vlhZ5c7abUKF8xXERIw6m9Te8fW7ohw3/view?usp=sharing into file artifacts/data_ingestion/data.zip]
[2025-10-01 19:35:03,030: INFO: main: >>>>>> stage Data Ingestion stage started <<<<<<]
[2025-10-01 19:35:03,031: INFO: common: yaml file: config/config.yaml loaded successfully]
[2025-10-01 19:35:03,032: INFO: common: yaml file: params.yaml loaded successfully]
[2025-10-01 19:35:03,032: INFO: common: created directory at: artifacts]
[2025-10-01 19:35:03,032: INFO: common: created directory at: artifacts/data_ingestion]
[2025-10-01 19:35:03,032: INFO: data_ingestion: Downloading data from https://drive.google.com/file/d/1vlhZ5c7abUKF8xXERIw6m9Te8fW7ohw3/view?usp=sharing into file artifacts/data_ingestion/data.zip]
[2025-10-01 19:35:07,822: INFO: data_ingestion: Downloaded data from https://drive.google.com/file/d/1vlhZ5c7abUKF8xXERIw6m9Te8fW7ohw3/view?usp=sharing into file artifacts/data_ingestion/data.zip]
[2025-10-01 19:35:08,182: INFO: main: >>>>>> stage Data Ingestion stage completed <<<<<<

x==========x]
[2025-10-01 20:53:55,591: INFO: main: >>>>>> stage Data Ingestion stage started <<<<<<]
[2025-10-01 20:53:55,603: INFO: common: yaml file: config\config.yaml loaded successfully]
[2025-10-01 20:53:55,612: INFO: common: yaml file: params.yaml loaded successfully]
[2025-10-01 20:53:55,613: INFO: common: created directory at: artifacts]
[2025-10-01 20:53:55,614: INFO: common: created directory at: artifacts/data_ingestion]
[2025-10-01 20:53:55,614: INFO: data_ingestion: Downloading data from https://drive.google.com/file/d/1vlhZ5c7abUKF8xXERIw6m9Te8fW7ohw3/view?usp=sharing into file artifacts/data_ingestion/data.zip]
[2025-10-01 20:53:59,823: INFO: data_ingestion: Downloaded data from https://drive.google.com/file/d/1vlhZ5c7abUKF8xXERIw6m9Te8fW7ohw3/view?usp=sharing into file artifacts/data_ingestion/data.zip]
[2025-10-01 20:54:00,444: INFO: main: >>>>>> stage Data Ingestion stage completed <<<<<<

x==========x]
[2025-10-01 21:24:11,335: INFO: common: yaml file: config\config.yaml loaded successfully]
[2025-10-01 21:24:11,338: INFO: common: yaml file: params.yaml loaded successfully]
[2025-10-01 21:24:11,339: INFO: common: created directory at: artifacts]
[2025-10-01 21:24:11,341: INFO: common: created directory at: artifacts/prepare_base_model]
[2025-10-01 21:24:14,053: WARNING: saving_utils: Compiled the loaded model, but the compiled metrics have yet to be built. `model.compile_metrics` will be empty until you train or evaluate the model.]
[2025-10-01 21:49:38,304: INFO: main: >>>>>> stage Data Ingestion stage started <<<<<<]
[2025-10-01 21:49:38,305: INFO: common: yaml file: config\config.yaml loaded successfully]
[2025-10-01 21:49:38,306: INFO: common: yaml file: params.yaml loaded successfully]
[2025-10-01 21:49:38,306: INFO: common: created directory at: artifacts]
[2025-10-01 21:49:38,307: INFO: common: created directory at: artifacts/data_ingestion]
[2025-10-01 21:49:38,307: INFO: data_ingestion: Downloading data from https://drive.google.com/file/d/1vlhZ5c7abUKF8xXERIw6m9Te8fW7ohw3/view?usp=sharing into file artifacts/data_ingestion/data.zip]
[2025-10-01 21:49:42,121: INFO: data_ingestion: Downloaded data from https://drive.google.com/file/d/1vlhZ5c7abUKF8xXERIw6m9Te8fW7ohw3/view?usp=sharing into file artifacts/data_ingestion/data.zip]
[2025-10-01 21:49:42,781: INFO: main: >>>>>> stage Data Ingestion stage completed <<<<<<

x==========x]
[2025-10-01 21:49:42,781: INFO: main: *******************]
[2025-10-01 21:49:42,781: INFO: main: >>>>>> stage Prepare base model started <<<<<<]
[2025-10-01 21:49:42,781: ERROR: main: name 'PrepareBaseModelTrainingPipeline' is not defined]
Traceback (most recent call last):
  File "C:\Users\turqu\Desktop\Kidney-Disease-Classification-MLflow\main.py", line 21, in <module>
    prepare_base_model = PrepareBaseModelTrainingPipeline()
NameError: name 'PrepareBaseModelTrainingPipeline' is not defined
[2025-10-01 21:50:36,399: INFO: main: >>>>>> stage Data Ingestion stage started <<<<<<]
[2025-10-01 21:50:36,401: INFO: common: yaml file: config\config.yaml loaded successfully]
[2025-10-01 21:50:36,401: INFO: common: yaml file: params.yaml loaded successfully]
[2025-10-01 21:50:36,402: INFO: common: created directory at: artifacts]
[2025-10-01 21:50:36,402: INFO: common: created directory at: artifacts/data_ingestion]
[2025-10-01 21:50:36,402: INFO: data_ingestion: Downloading data from https://drive.google.com/file/d/1vlhZ5c7abUKF8xXERIw6m9Te8fW7ohw3/view?usp=sharing into file artifacts/data_ingestion/data.zip]
[2025-10-01 21:50:40,602: INFO: data_ingestion: Downloaded data from https://drive.google.com/file/d/1vlhZ5c7abUKF8xXERIw6m9Te8fW7ohw3/view?usp=sharing into file artifacts/data_ingestion/data.zip]
[2025-10-01 21:50:41,176: INFO: main: >>>>>> stage Data Ingestion stage completed <<<<<<

x==========x]
[2025-10-01 21:50:41,176: INFO: main: *******************]
[2025-10-01 21:50:41,176: INFO: main: >>>>>> stage Prepare base model started <<<<<<]
[2025-10-01 21:50:41,177: INFO: common: yaml file: config\config.yaml loaded successfully]
[2025-10-01 21:50:41,178: INFO: common: yaml file: params.yaml loaded successfully]
[2025-10-01 21:50:41,178: INFO: common: created directory at: artifacts]
[2025-10-01 21:50:41,178: INFO: common: created directory at: artifacts/prepare_base_model]
[2025-10-01 21:50:41,558: WARNING: saving_utils: Compiled the loaded model, but the compiled metrics have yet to be built. `model.compile_metrics` will be empty until you train or evaluate the model.]
[2025-10-01 21:50:41,726: INFO: main: >>>>>> stage Prepare base model completed <<<<<<

x==========x]
[2025-10-02 11:13:26,915: INFO: common: yaml file: config\config.yaml loaded successfully]
[2025-10-02 11:13:26,935: INFO: common: yaml file: params.yaml loaded successfully]
[2025-10-02 11:13:26,938: INFO: common: created directory at: artifacts]
[2025-10-02 11:13:26,940: INFO: common: created directory at: artifacts\training]
[2025-10-02 11:13:53,147: INFO: common: yaml file: config\config.yaml loaded successfully]
[2025-10-02 11:13:53,151: INFO: common: yaml file: params.yaml loaded successfully]
[2025-10-02 11:13:53,153: INFO: common: created directory at: artifacts]
[2025-10-02 11:13:53,155: INFO: common: created directory at: artifacts\training]
[2025-10-02 11:35:00,059: INFO: main: >>>>>> stage Data Ingestion stage started <<<<<<]
[2025-10-02 11:35:00,061: INFO: common: yaml file: config\config.yaml loaded successfully]
[2025-10-02 11:35:00,062: INFO: common: yaml file: params.yaml loaded successfully]
[2025-10-02 11:35:00,063: INFO: common: created directory at: artifacts]
[2025-10-02 11:35:00,063: INFO: common: created directory at: artifacts/data_ingestion]
[2025-10-02 11:35:00,064: INFO: data_ingestion: Downloading data from https://drive.google.com/file/d/1vlhZ5c7abUKF8xXERIw6m9Te8fW7ohw3/view?usp=sharing into file artifacts/data_ingestion/data.zip]
[2025-10-02 11:35:03,963: INFO: data_ingestion: Downloaded data from https://drive.google.com/file/d/1vlhZ5c7abUKF8xXERIw6m9Te8fW7ohw3/view?usp=sharing into file artifacts/data_ingestion/data.zip]
[2025-10-02 11:35:04,672: INFO: main: >>>>>> stage Data Ingestion stage completed <<<<<<

x==========x]
[2025-10-02 11:35:04,673: INFO: main: *******************]
[2025-10-02 11:35:04,673: INFO: main: >>>>>> stage Prepare base model started <<<<<<]
[2025-10-02 11:35:04,674: INFO: common: yaml file: config\config.yaml loaded successfully]
[2025-10-02 11:35:04,676: INFO: common: yaml file: params.yaml loaded successfully]
[2025-10-02 11:35:04,676: INFO: common: created directory at: artifacts]
[2025-10-02 11:35:04,677: INFO: common: created directory at: artifacts/prepare_base_model]
[2025-10-02 11:35:05,161: WARNING: saving_utils: Compiled the loaded model, but the compiled metrics have yet to be built. `model.compile_metrics` will be empty until you train or evaluate the model.]
[2025-10-02 11:35:05,356: INFO: main: >>>>>> stage Prepare base model completed <<<<<<

x==========x]
[2025-10-02 11:35:05,357: INFO: main: *******************]
[2025-10-02 11:35:05,357: INFO: main: >>>>>> stage Training started <<<<<<]
[2025-10-02 11:35:05,358: INFO: common: yaml file: config\config.yaml loaded successfully]
[2025-10-02 11:35:05,360: INFO: common: yaml file: params.yaml loaded successfully]
[2025-10-02 11:35:05,360: INFO: common: created directory at: artifacts]
[2025-10-02 11:35:05,361: INFO: common: created directory at: artifacts\training]
[2025-10-02 11:36:01,883: INFO: main: >>>>>> stage Training completed <<<<<<

x==========x]
